SF:lib/core/src/repository/async_cocktail_repository.dart
DA:23,1
DA:29,1
DA:30,2
DA:31,2
DA:32,2
DA:33,1
DA:36,1
DA:37,3
DA:38,2
DA:39,2
DA:42,0
DA:48,0
DA:50,0
DA:53,0
DA:54,0
DA:56,0
DA:60,0
DA:61,0
DA:62,0
DA:65,0
DA:66,0
DA:68,0
DA:69,0
DA:70,0
DA:73,0
DA:74,0
DA:78,0
DA:84,0
DA:86,0
DA:89,0
DA:90,0
DA:92,0
DA:96,0
DA:97,0
DA:98,0
DA:101,0
DA:102,0
DA:104,0
DA:105,0
DA:106,0
DA:109,0
DA:110,0
DA:114,0
DA:120,0
DA:121,0
DA:124,0
DA:126,0
DA:130,0
DA:131,0
DA:132,0
DA:135,0
DA:136,0
DA:138,0
DA:139,0
DA:140,0
DA:143,0
DA:149,0
DA:153,0
DA:154,0
DA:155,0
DA:156,0
DA:159,0
DA:160,0
DA:161,0
DA:162,0
DA:165,0
DA:171,0
DA:175,1
DA:176,2
DA:177,2
DA:178,2
DA:180,1
DA:182,2
DA:183,3
DA:185,1
DA:186,1
DA:190,1
DA:193,1
DA:195,1
DA:199,1
DA:200,1
DA:201,4
DA:202,4
DA:203,1
DA:204,1
DA:205,1
DA:206,1
DA:207,1
DA:208,1
DA:209,1
DA:210,1
DA:211,1
DA:212,1
DA:213,1
DA:214,1
DA:215,1
LF:96
LH:39
end_of_record
SF:lib/core/src/model/cocktail.dart
DA:81,1
DA:93,0
DA:95,0
LF:3
LH:1
end_of_record
SF:lib/core/src/model/cocktail_category.dart
DA:34,0
DA:36,0
DA:37,0
DA:39,0
DA:41,0
DA:43,0
DA:44,0
DA:46,1
DA:47,6
LF:9
LH:2
end_of_record
SF:lib/core/src/model/cocktail_definition.dart
DA:25,0
LF:1
LH:0
end_of_record
SF:lib/core/src/model/cocktail_type.dart
DA:14,0
DA:16,0
DA:17,0
DA:19,0
DA:21,0
DA:23,0
DA:24,0
DA:30,1
DA:31,6
LF:9
LH:2
end_of_record
SF:lib/core/src/model/glass_type.dart
DA:76,0
DA:78,0
DA:79,0
DA:81,0
DA:83,0
DA:85,0
DA:86,0
DA:88,1
DA:89,6
LF:9
LH:2
end_of_record
SF:lib/core/src/model/ingredient.dart
DA:27,0
LF:1
LH:0
end_of_record
SF:lib/core/src/model/ingredient_definition.dart
DA:8,1
LF:1
LH:1
end_of_record
SF:lib/core/src/dto/cocktail_definition_dto.dart
DA:16,0
DA:18,0
LF:2
LH:0
end_of_record
SF:lib/core/src/dto/cocktail_definition_dto.g.dart
DA:9,0
DA:11,0
DA:12,0
DA:13,0
DA:14,0
LF:5
LH:0
end_of_record
SF:lib/core/src/dto/cocktail_dto.g.dart
DA:9,1
DA:10,1
DA:11,1
DA:12,1
DA:13,1
DA:14,1
DA:15,1
DA:16,1
DA:17,1
DA:18,1
DA:19,1
DA:20,1
DA:21,1
DA:22,1
DA:23,1
DA:24,1
DA:25,1
DA:26,1
DA:27,1
DA:28,1
DA:29,1
DA:30,1
DA:31,1
DA:32,1
DA:33,1
DA:34,1
DA:35,1
DA:36,1
DA:37,1
DA:38,1
DA:39,1
DA:40,1
DA:41,1
DA:42,1
DA:43,1
DA:44,1
DA:45,1
DA:46,1
DA:47,1
DA:48,1
DA:49,1
DA:50,1
DA:51,1
DA:52,1
LF:44
LH:44
end_of_record
SF:lib/core/src/dto/cocktail_dto.dart
DA:50,1
DA:95,2
LF:2
LH:2
end_of_record
SF:lib/start_to_test_classes/00_favorites_storage.dart
DA:4,3
DA:6,3
DA:8,0
DA:10,0
DA:11,0
DA:14,0
DA:15,0
DA:17,0
DA:18,0
DA:19,0
DA:20,0
DA:24,0
DA:25,0
LF:13
LH:2
end_of_record
SF:lib/ui/pages/details/cocktail_description/cocktail_title.dart
DA:9,2
DA:11,2
DA:12,2
DA:15,2
DA:16,2
DA:17,2
DA:19,6
DA:21,2
DA:25,4
DA:28,4
DA:30,2
DA:31,2
DA:32,2
DA:33,0
DA:35,2
DA:36,2
DA:37,0
LF:17
LH:15
end_of_record
