SF:lib/start_to_test_classes/00_favorites_storage.dart
DA:4,3
DA:6,3
DA:8,0
DA:10,0
DA:11,0
DA:14,0
DA:15,0
DA:17,0
DA:18,0
DA:19,0
DA:20,0
DA:24,0
DA:25,0
LF:13
LH:2
end_of_record
SF:lib/core/src/model/cocktail.dart
DA:81,0
DA:93,0
DA:95,0
LF:3
LH:0
end_of_record
SF:lib/core/src/model/cocktail_category.dart
DA:34,0
DA:36,0
DA:37,0
DA:39,0
DA:41,0
DA:43,0
DA:44,0
DA:46,0
DA:47,0
LF:9
LH:0
end_of_record
SF:lib/core/src/model/cocktail_definition.dart
DA:25,0
LF:1
LH:0
end_of_record
SF:lib/core/src/model/cocktail_type.dart
DA:14,0
DA:16,0
DA:17,0
DA:19,0
DA:21,0
DA:23,0
DA:24,0
DA:30,0
DA:31,0
LF:9
LH:0
end_of_record
SF:lib/core/src/model/glass_type.dart
DA:76,0
DA:78,0
DA:79,0
DA:81,0
DA:83,0
DA:85,0
DA:86,0
DA:88,0
DA:89,0
LF:9
LH:0
end_of_record
SF:lib/core/src/model/ingredient.dart
DA:27,0
LF:1
LH:0
end_of_record
SF:lib/core/src/model/ingredient_definition.dart
DA:8,0
LF:1
LH:0
end_of_record
SF:lib/core/src/repository/async_cocktail_repository.dart
DA:22,0
DA:25,0
DA:26,0
DA:27,0
DA:28,0
DA:29,0
DA:31,0
DA:32,0
DA:33,0
DA:36,0
DA:42,0
DA:43,0
DA:45,0
DA:46,0
DA:48,0
DA:52,0
DA:53,0
DA:54,0
DA:56,0
DA:58,0
DA:59,0
DA:60,0
DA:63,0
DA:64,0
DA:68,0
DA:74,0
DA:75,0
DA:77,0
DA:78,0
DA:80,0
DA:84,0
DA:85,0
DA:86,0
DA:88,0
DA:90,0
DA:91,0
DA:92,0
DA:95,0
DA:96,0
DA:100,0
DA:106,0
DA:107,0
DA:110,0
DA:112,0
DA:116,0
DA:117,0
DA:118,0
DA:120,0
DA:122,0
DA:123,0
DA:124,0
DA:127,0
DA:133,0
DA:137,0
DA:138,0
DA:139,0
DA:140,0
DA:142,0
DA:143,0
DA:144,0
DA:147,0
DA:153,0
DA:157,0
DA:158,0
DA:159,0
DA:160,0
DA:162,0
DA:164,0
DA:166,0
DA:167,0
DA:171,0
DA:174,0
DA:176,0
DA:180,0
DA:181,0
DA:182,0
DA:183,0
DA:184,0
DA:185,0
DA:186,0
DA:187,0
DA:188,0
DA:189,0
DA:190,0
DA:191,0
DA:192,0
DA:193,0
DA:194,0
DA:195,0
DA:196,0
LF:90
LH:0
end_of_record
SF:lib/core/src/dto/cocktail_definition_dto.dart
DA:16,0
DA:18,0
LF:2
LH:0
end_of_record
SF:lib/core/src/dto/cocktail_definition_dto.g.dart
DA:9,0
DA:11,0
DA:12,0
DA:13,0
DA:14,0
LF:5
LH:0
end_of_record
SF:lib/core/src/dto/cocktail_dto.dart
DA:50,0
DA:95,0
LF:2
LH:0
end_of_record
SF:lib/core/src/dto/cocktail_dto.g.dart
DA:9,0
DA:10,0
DA:11,0
DA:12,0
DA:13,0
DA:14,0
DA:15,0
DA:16,0
DA:17,0
DA:18,0
DA:19,0
DA:20,0
DA:21,0
DA:22,0
DA:23,0
DA:24,0
DA:25,0
DA:26,0
DA:27,0
DA:28,0
DA:29,0
DA:30,0
DA:31,0
DA:32,0
DA:33,0
DA:34,0
DA:35,0
DA:36,0
DA:37,0
DA:38,0
DA:39,0
DA:40,0
DA:41,0
DA:42,0
DA:43,0
DA:44,0
DA:45,0
DA:46,0
DA:47,0
DA:48,0
DA:49,0
DA:50,0
DA:51,0
DA:52,0
LF:44
LH:0
end_of_record
SF:lib/ui/pages/details/cocktail_description/cocktail_title.dart
DA:9,1
DA:11,1
DA:12,1
DA:15,1
DA:16,1
DA:17,1
DA:19,3
DA:21,1
DA:25,2
DA:28,2
DA:30,1
DA:31,1
DA:32,1
DA:33,0
DA:35,1
DA:36,1
DA:37,0
LF:17
LH:15
end_of_record
